<?xml version="1.0" encoding="UTF-8"?>
<testsuite name="com.code.jpa.SampleJpaApplicationTests" tests="1" skipped="0" failures="0" errors="0" timestamp="2024-08-26T12:48:07" hostname="BOOK-89JGJ6SQ9A" time="1.367">
  <properties/>
  <testcase name="getOneData2()" classname="com.code.jpa.SampleJpaApplicationTests" time="1.367"/>
  <system-out><![CDATA[21:47:59.625 [Test worker] INFO org.springframework.test.context.support.AnnotationConfigContextLoaderUtils -- Could not detect default configuration classes for test class [com.code.jpa.SampleJpaApplicationTests]: SampleJpaApplicationTests does not declare any static, non-private, non-final, nested classes annotated with @Configuration.
21:47:59.821 [Test worker] INFO org.springframework.boot.test.context.SpringBootTestContextBootstrapper -- Found @SpringBootConfiguration com.code.jpa.SampleJpaApplication for test class com.code.jpa.SampleJpaApplicationTests

  .   ____          _            __ _ _
 /\\ / ___'_ __ _ _(_)_ __  __ _ \ \ \ \
( ( )\___ | '_ | '_| | '_ \/ _` | \ \ \ \
 \\/  ___)| |_)| | | | | || (_| |  ) ) ) )
  '  |____| .__|_| |_|_| |_\__, | / / / /
 =========|_|==============|___/=/_/_/_/
 :: Spring Boot ::                (v3.2.9)

2024-08-26T21:48:00.648+09:00  INFO 26532 --- [sample-jpa] [    Test worker] com.code.jpa.SampleJpaApplicationTests   : Starting SampleJpaApplicationTests using Java 17.0.10 with PID 26532 (started by ceoba in C:\Users\ceoba\Dropbox\pjt\springboot\sample-jpa)
2024-08-26T21:48:00.650+09:00  INFO 26532 --- [sample-jpa] [    Test worker] com.code.jpa.SampleJpaApplicationTests   : No active profile set, falling back to 1 default profile: "default"
2024-08-26T21:48:01.894+09:00  INFO 26532 --- [sample-jpa] [    Test worker] .s.d.r.c.RepositoryConfigurationDelegate : Bootstrapping Spring Data JPA repositories in DEFAULT mode.
2024-08-26T21:48:02.013+09:00  INFO 26532 --- [sample-jpa] [    Test worker] .s.d.r.c.RepositoryConfigurationDelegate : Finished Spring Data repository scanning in 104 ms. Found 1 JPA repository interface.
2024-08-26T21:48:02.485+09:00  WARN 26532 --- [sample-jpa] [    Test worker] trationDelegate$BeanPostProcessorChecker : Bean 'org.springframework.ws.config.annotation.DelegatingWsConfiguration' of type [org.springframework.ws.config.annotation.DelegatingWsConfiguration$$SpringCGLIB$$0] is not eligible for getting processed by all BeanPostProcessors (for example: not eligible for auto-proxying). The currently created BeanPostProcessor [annotationActionEndpointMapping] is declared through a non-static factory method on that class; consider declaring it as static instead.
2024-08-26T21:48:02.534+09:00  INFO 26532 --- [sample-jpa] [    Test worker] .w.s.a.s.AnnotationActionEndpointMapping : Supporting [WS-Addressing August 2004, WS-Addressing 1.0]
2024-08-26T21:48:02.850+09:00  INFO 26532 --- [sample-jpa] [    Test worker] com.zaxxer.hikari.HikariDataSource       : HikariPool-1 - Starting...
2024-08-26T21:48:03.044+09:00  INFO 26532 --- [sample-jpa] [    Test worker] com.zaxxer.hikari.pool.HikariPool        : HikariPool-1 - Added connection org.mariadb.jdbc.Connection@6459f4ea
2024-08-26T21:48:03.051+09:00  INFO 26532 --- [sample-jpa] [    Test worker] com.zaxxer.hikari.HikariDataSource       : HikariPool-1 - Start completed.
2024-08-26T21:48:03.164+09:00  INFO 26532 --- [sample-jpa] [    Test worker] o.hibernate.jpa.internal.util.LogHelper  : HHH000204: Processing PersistenceUnitInfo [name: default]
2024-08-26T21:48:03.310+09:00  INFO 26532 --- [sample-jpa] [    Test worker] org.hibernate.Version                    : HHH000412: Hibernate ORM core version 6.4.10.Final
2024-08-26T21:48:03.406+09:00  INFO 26532 --- [sample-jpa] [    Test worker] o.h.c.internal.RegionFactoryInitiator    : HHH000026: Second-level cache disabled
2024-08-26T21:48:03.873+09:00  INFO 26532 --- [sample-jpa] [    Test worker] o.s.o.j.p.SpringPersistenceUnitInfo      : No LoadTimeWeaver setup: ignoring JPA class transformer
2024-08-26T21:48:03.959+09:00  WARN 26532 --- [sample-jpa] [    Test worker] org.hibernate.orm.deprecation            : HHH90000025: MySQLDialect does not need to be specified explicitly using 'hibernate.dialect' (remove the property setting and it will be selected by default)
2024-08-26T21:48:05.478+09:00  INFO 26532 --- [sample-jpa] [    Test worker] o.h.e.t.j.p.i.JtaPlatformInitiator       : HHH000489: No JTA platform available (set 'hibernate.transaction.jta.platform' to enable JTA platform integration)
2024-08-26T21:48:05.485+09:00  INFO 26532 --- [sample-jpa] [    Test worker] j.LocalContainerEntityManagerFactoryBean : Initialized JPA EntityManagerFactory for persistence unit 'default'
2024-08-26T21:48:07.552+09:00  INFO 26532 --- [sample-jpa] [    Test worker] com.code.jpa.SampleJpaApplicationTests   : Started SampleJpaApplicationTests in 7.454 seconds (process running for 9.599)
Hibernate: 
    select
        mue1_0.user_id,
        mue1_0.create_date,
        mue1_0.update_date,
        mue1_0.user_age,
        mue1_0.user_name 
    from
        my_user mue1_0 
    where
        mue1_0.user_age=? 
        and mue1_0.user_name=? 
    order by
        mue1_0.user_id desc
admin : 관리자
]]></system-out>
  <system-err><![CDATA[]]></system-err>
</testsuite>
